<?xml version="1.0" encoding="UTF-8"?>
<testng-results skipped="0" failed="0" ignored="0" total="1" passed="1">
  <reporter-output>
  </reporter-output>
  <suite name="Default suite" duration-ms="9497" started-at="2020-03-29T03:05:58Z" finished-at="2020-03-29T03:06:07Z">
    <groups>
    </groups>
    <test name="Default test" duration-ms="9497" started-at="2020-03-29T03:05:58Z" finished-at="2020-03-29T03:06:07Z">
      <class name="TestExceute.ExceuteTest">
        <test-method status="PASS" signature="execute()[pri:0, instance:TestExceute.ExceuteTest@29ee9faa]" name="execute" duration-ms="9476" started-at="2020-03-29T03:05:58Z" finished-at="2020-03-29T03:06:07Z">
          <reporter-output>
          </reporter-output>
        </test-method> <!-- execute -->
      </class> <!-- TestExceute.ExceuteTest -->
    </test> <!-- Default test -->
  </suite> <!-- Default suite -->
</testng-results>
